[2023-02-16 09:48:25] [INFO]: 

====================================================================================================
Protein family: kinases
====================================================================================================
[2023-02-16 09:48:25] [INFO]: Data for protein with UniProt ID 'Q9H1R3' has already been downloaded and saved in: ChEMBL_Data/Kinases/ChEMBL_Data_Q9H1R3.tsv
[2023-02-16 09:48:25] [INFO]: Data for protein with UniProt ID 'Q9Y616' has already been downloaded and saved in: ChEMBL_Data/Kinases/ChEMBL_Data_Q9Y616.tsv
[2023-02-16 09:48:25] [INFO]: Data for protein with UniProt ID 'P78527' has already been downloaded and saved in: ChEMBL_Data/Kinases/ChEMBL_Data_P78527.tsv
[2023-02-16 09:48:25] [INFO]: Data for protein with UniProt ID 'P43250' has already been downloaded and saved in: ChEMBL_Data/Kinases/ChEMBL_Data_P43250.tsv
[2023-02-16 09:48:25] [INFO]: Data for protein with UniProt ID 'Q13131' has already been downloaded and saved in: ChEMBL_Data/Kinases/ChEMBL_Data_Q13131.tsv
[2023-02-16 09:48:25] [INFO]: Data for protein with UniProt ID 'P20794' has already been downloaded and saved in: ChEMBL_Data/Kinases/ChEMBL_Data_P20794.tsv
[2023-02-16 09:48:25] [INFO]: Data for protein with UniProt ID 'P11802' has already been downloaded and saved in: ChEMBL_Data/Kinases/ChEMBL_Data_P11802.tsv
[2023-02-16 09:48:25] [INFO]: Data for protein with UniProt ID 'Q9BXA6' has already been downloaded and saved in: ChEMBL_Data/Kinases/ChEMBL_Data_Q9BXA6.tsv
[2023-02-16 09:48:25] [INFO]: Data for protein with UniProt ID 'Q9NRH2' has already been downloaded and saved in: ChEMBL_Data/Kinases/ChEMBL_Data_Q9NRH2.tsv
[2023-02-16 09:48:25] [INFO]: Data for protein with UniProt ID 'Q12851' has already been downloaded and saved in: ChEMBL_Data/Kinases/ChEMBL_Data_Q12851.tsv
[2023-02-16 09:48:25] [INFO]: Data for protein with UniProt ID 'P45983' has already been downloaded and saved in: ChEMBL_Data/Kinases/ChEMBL_Data_P45983.tsv
[2023-02-16 09:48:25] [INFO]: Data for protein with UniProt ID 'Q9BXM7' has already been downloaded and saved in: ChEMBL_Data/Kinases/ChEMBL_Data_Q9BXM7.tsv
[2023-02-16 09:48:25] [INFO]: Data for protein with UniProt ID 'Q8NB16' has already been downloaded and saved in: ChEMBL_Data/Kinases/ChEMBL_Data_Q8NB16.tsv
[2023-02-16 09:48:25] [INFO]: Data for protein with UniProt ID 'Q9UK32' has already been downloaded and saved in: ChEMBL_Data/Kinases/ChEMBL_Data_Q9UK32.tsv
[2023-02-16 09:48:25] [INFO]: Data for protein with UniProt ID 'P08922' has already been downloaded and saved in: ChEMBL_Data/Kinases/ChEMBL_Data_P08922.tsv
[2023-02-16 09:48:25] [INFO]: Data for protein with UniProt ID 'Q13464' has already been downloaded and saved in: ChEMBL_Data/Kinases/ChEMBL_Data_Q13464.tsv
[2023-02-16 09:48:25] [INFO]: Data for protein with UniProt ID 'Q9NWZ3' has already been downloaded and saved in: ChEMBL_Data/Kinases/ChEMBL_Data_Q9NWZ3.tsv
[2023-02-16 09:48:25] [INFO]: Data for protein with UniProt ID 'Q8IYT8' has already been downloaded and saved in: ChEMBL_Data/Kinases/ChEMBL_Data_Q8IYT8.tsv
[2023-02-16 09:48:25] [INFO]: Data for protein with UniProt ID 'Q13163' has already been downloaded and saved in: ChEMBL_Data/Kinases/ChEMBL_Data_Q13163.tsv
[2023-02-16 09:48:25] [INFO]: Data for protein with UniProt ID 'Q8NE63' has already been downloaded and saved in: ChEMBL_Data/Kinases/ChEMBL_Data_Q8NE63.tsv
[2023-02-16 09:48:25] [INFO]: Data for protein with UniProt ID 'P0C264' has already been downloaded and saved in: ChEMBL_Data/Kinases/ChEMBL_Data_P0C264.tsv
[2023-02-16 09:48:25] [INFO]: Data for protein with UniProt ID 'O95747' has already been downloaded and saved in: ChEMBL_Data/Kinases/ChEMBL_Data_O95747.tsv
[2023-02-16 09:48:25] [INFO]: Data for protein with UniProt ID 'P53667' has already been downloaded and saved in: ChEMBL_Data/Kinases/ChEMBL_Data_P53667.tsv
[2023-02-16 09:48:25] [INFO]: Data for protein with UniProt ID 'P21675' has already been downloaded and saved in: ChEMBL_Data/Kinases/ChEMBL_Data_P21675.tsv
[2023-02-16 09:48:25] [INFO]: Data for protein with UniProt ID 'P54760' has already been downloaded and saved in: ChEMBL_Data/Kinases/ChEMBL_Data_P54760.tsv
[2023-02-16 09:48:25] [INFO]: No 'target information' for the Query of the protein with UniProt ID 'Q8N2I9' => Continue to next protein.
[2023-02-16 09:48:25] [INFO]: Data for protein with UniProt ID 'Q6P5Z2' has already been downloaded and saved in: ChEMBL_Data/Kinases/ChEMBL_Data_Q6P5Z2.tsv
[2023-02-16 09:48:25] [INFO]: Data for protein with UniProt ID 'P51957' has already been downloaded and saved in: ChEMBL_Data/Kinases/ChEMBL_Data_P51957.tsv
[2023-02-16 09:48:25] [INFO]: Data for protein with UniProt ID 'O94804' has already been downloaded and saved in: ChEMBL_Data/Kinases/ChEMBL_Data_O94804.tsv
[2023-02-16 09:48:26] [INFO]: No 'target information' for the Query of the protein with UniProt ID 'Q38SD2' => Continue to next protein.
[2023-02-16 09:48:26] [INFO]: Data for protein with UniProt ID 'P54756' has already been downloaded and saved in: ChEMBL_Data/Kinases/ChEMBL_Data_P54756.tsv
[2023-02-16 09:48:26] [INFO]: Data for protein with UniProt ID 'Q96PF2' has already been downloaded and saved in: ChEMBL_Data/Kinases/ChEMBL_Data_Q96PF2.tsv
[2023-02-16 09:48:26] [INFO]: Data for protein with UniProt ID 'Q8IZX4' has already been downloaded and saved in: ChEMBL_Data/Kinases/ChEMBL_Data_Q8IZX4.tsv
[2023-02-16 09:48:26] [INFO]: Data for protein with UniProt ID 'Q6PHR2' has already been downloaded and saved in: ChEMBL_Data/Kinases/ChEMBL_Data_Q6PHR2.tsv
[2023-02-16 09:48:26] [INFO]: Data for protein with UniProt ID 'Q96S44' has already been downloaded and saved in: ChEMBL_Data/Kinases/ChEMBL_Data_Q96S44.tsv
[2023-02-16 09:48:26] [INFO]: Data for protein with UniProt ID 'O94921' has already been downloaded and saved in: ChEMBL_Data/Kinases/ChEMBL_Data_O94921.tsv
[2023-02-16 09:48:26] [INFO]: Data for protein with UniProt ID 'Q6ZWH5' has already been downloaded and saved in: ChEMBL_Data/Kinases/ChEMBL_Data_Q6ZWH5.tsv
[2023-02-16 09:48:26] [INFO]: Data for protein with UniProt ID 'Q13557' has already been downloaded and saved in: ChEMBL_Data/Kinases/ChEMBL_Data_Q13557.tsv
[2023-02-16 09:48:26] [INFO]: Data for protein with UniProt ID 'Q9H422' has already been downloaded and saved in: ChEMBL_Data/Kinases/ChEMBL_Data_Q9H422.tsv
[2023-02-16 09:48:26] [INFO]: Data for protein with UniProt ID 'Q9UKI8' has already been downloaded and saved in: ChEMBL_Data/Kinases/ChEMBL_Data_Q9UKI8.tsv
[2023-02-16 09:48:26] [INFO]: Data for protein with UniProt ID 'P35590' has already been downloaded and saved in: ChEMBL_Data/Kinases/ChEMBL_Data_P35590.tsv
[2023-02-16 09:48:26] [INFO]: Data for protein with UniProt ID 'Q9BUB5' has already been downloaded and saved in: ChEMBL_Data/Kinases/ChEMBL_Data_Q9BUB5.tsv
[2023-02-16 09:48:26] [INFO]: Data for protein with UniProt ID 'Q9UBS0' has already been downloaded and saved in: ChEMBL_Data/Kinases/ChEMBL_Data_Q9UBS0.tsv
[2023-02-16 09:48:26] [INFO]: Data for protein with UniProt ID 'P51813' has already been downloaded and saved in: ChEMBL_Data/Kinases/ChEMBL_Data_P51813.tsv
[2023-02-16 09:48:26] [INFO]: Data for protein with UniProt ID 'P78362' has already been downloaded and saved in: ChEMBL_Data/Kinases/ChEMBL_Data_P78362.tsv
[2023-02-16 09:48:26] [INFO]: Data for protein with UniProt ID 'Q5S007' has already been downloaded and saved in: ChEMBL_Data/Kinases/ChEMBL_Data_Q5S007.tsv
[2023-02-16 09:48:26] [INFO]: Data for protein with UniProt ID 'Q9Y4K4' has already been downloaded and saved in: ChEMBL_Data/Kinases/ChEMBL_Data_Q9Y4K4.tsv
[2023-02-16 09:48:26] [INFO]: Data for protein with UniProt ID 'Q9H2K8' has already been downloaded and saved in: ChEMBL_Data/Kinases/ChEMBL_Data_Q9H2K8.tsv
[2023-02-16 09:48:26] [INFO]: No 'target information' for the Query of the protein with UniProt ID 'Q8TEA7' => Continue to next protein.
[2023-02-16 09:48:26] [INFO]: Data for protein with UniProt ID 'Q9UM73' has already been downloaded and saved in: ChEMBL_Data/Kinases/ChEMBL_Data_Q9UM73.tsv
[2023-02-16 09:48:26] [INFO]: Data for protein with UniProt ID 'Q99640' has already been downloaded and saved in: ChEMBL_Data/Kinases/ChEMBL_Data_Q99640.tsv
[2023-02-16 09:48:26] [INFO]: Data for protein with UniProt ID 'Q96BR1' has already been downloaded and saved in: ChEMBL_Data/Kinases/ChEMBL_Data_Q96BR1.tsv
[2023-02-16 09:48:26] [INFO]: Data for protein with UniProt ID 'P00533' has already been downloaded and saved in: ChEMBL_Data/Kinases/ChEMBL_Data_P00533.tsv
[2023-02-16 09:48:26] [INFO]: Data for protein with UniProt ID 'P31751' has already been downloaded and saved in: ChEMBL_Data/Kinases/ChEMBL_Data_P31751.tsv
[2023-02-16 09:48:26] [INFO]: Data for protein with UniProt ID 'P16234' has already been downloaded and saved in: ChEMBL_Data/Kinases/ChEMBL_Data_P16234.tsv
[2023-02-16 09:48:26] [INFO]: Data for protein with UniProt ID 'Q6DT37' has already been downloaded and saved in: ChEMBL_Data/Kinases/ChEMBL_Data_Q6DT37.tsv
[2023-02-16 09:48:26] [INFO]: Data for protein with UniProt ID 'Q96J92' has already been downloaded and saved in: ChEMBL_Data/Kinases/ChEMBL_Data_Q96J92.tsv
[2023-02-16 09:48:26] [INFO]: Data for protein with UniProt ID 'Q86V86' has already been downloaded and saved in: ChEMBL_Data/Kinases/ChEMBL_Data_Q86V86.tsv
[2023-02-16 09:48:26] [INFO]: Data for protein with UniProt ID 'Q9Y6R4' has already been downloaded and saved in: ChEMBL_Data/Kinases/ChEMBL_Data_Q9Y6R4.tsv
[2023-02-16 09:48:26] [INFO]: Data for protein with UniProt ID 'Q06418' has already been downloaded and saved in: ChEMBL_Data/Kinases/ChEMBL_Data_Q06418.tsv
[2023-02-16 09:48:26] [INFO]: Data for protein with UniProt ID 'P31749' has already been downloaded and saved in: ChEMBL_Data/Kinases/ChEMBL_Data_P31749.tsv
[2023-02-16 09:48:26] [INFO]: Data for protein with UniProt ID 'P08069' has already been downloaded and saved in: ChEMBL_Data/Kinases/ChEMBL_Data_P08069.tsv
[2023-02-16 09:48:26] [INFO]: Data for protein with UniProt ID 'P33981' has already been downloaded and saved in: ChEMBL_Data/Kinases/ChEMBL_Data_P33981.tsv
[2023-02-16 09:48:26] [INFO]: Data for protein with UniProt ID 'Q14289' has already been downloaded and saved in: ChEMBL_Data/Kinases/ChEMBL_Data_Q14289.tsv
[2023-02-16 09:48:26] [INFO]: Data for protein with UniProt ID 'P48729' has already been downloaded and saved in: ChEMBL_Data/Kinases/ChEMBL_Data_P48729.tsv
[2023-02-16 09:48:26] [INFO]: Data for protein with UniProt ID 'P42685' has already been downloaded and saved in: ChEMBL_Data/Kinases/ChEMBL_Data_P42685.tsv
[2023-02-16 09:48:26] [INFO]: No 'target information' for the Query of the protein with UniProt ID 'Q9H5K3' => Continue to next protein.
[2023-02-16 09:48:26] [INFO]: Data for protein with UniProt ID 'P07949' has already been downloaded and saved in: ChEMBL_Data/Kinases/ChEMBL_Data_P07949.tsv
[2023-02-16 09:48:26] [INFO]: Data for protein with UniProt ID 'Q9UQB9' has already been downloaded and saved in: ChEMBL_Data/Kinases/ChEMBL_Data_Q9UQB9.tsv
[2023-02-16 09:48:26] [INFO]: Data for protein with UniProt ID 'O14874' has already been downloaded and saved in: ChEMBL_Data/Kinases/ChEMBL_Data_O14874.tsv
[2023-02-16 09:48:26] [INFO]: Data for protein with UniProt ID 'Q9NZJ5' has already been downloaded and saved in: ChEMBL_Data/Kinases/ChEMBL_Data_Q9NZJ5.tsv
[2023-02-16 09:48:26] [INFO]: Data for protein with UniProt ID 'Q9Y6M4' has already been downloaded and saved in: ChEMBL_Data/Kinases/ChEMBL_Data_Q9Y6M4.tsv
[2023-02-16 09:48:26] [INFO]: Data for protein with UniProt ID 'Q02156' has already been downloaded and saved in: ChEMBL_Data/Kinases/ChEMBL_Data_Q02156.tsv
[2023-02-16 09:48:26] [INFO]: Data for protein with UniProt ID 'P04049' has already been downloaded and saved in: ChEMBL_Data/Kinases/ChEMBL_Data_P04049.tsv
[2023-02-16 09:48:26] [INFO]: Data for protein with UniProt ID 'Q86Y07' has already been downloaded and saved in: ChEMBL_Data/Kinases/ChEMBL_Data_Q86Y07.tsv
[2023-02-16 09:48:26] [INFO]: Data for protein with UniProt ID 'Q32MK0' has already been downloaded and saved in: ChEMBL_Data/Kinases/ChEMBL_Data_Q32MK0.tsv
[2023-02-16 09:48:26] [INFO]: Data for protein with UniProt ID 'O14578' has already been downloaded and saved in: ChEMBL_Data/Kinases/ChEMBL_Data_O14578.tsv
[2023-02-16 09:48:26] [INFO]: Data for protein with UniProt ID 'P05129' has already been downloaded and saved in: ChEMBL_Data/Kinases/ChEMBL_Data_P05129.tsv
[2023-02-16 09:48:26] [INFO]: Data for protein with UniProt ID 'Q15119' has already been downloaded and saved in: ChEMBL_Data/Kinases/ChEMBL_Data_Q15119.tsv
[2023-02-16 09:48:26] [INFO]: Data for protein with UniProt ID 'Q96KB5' has already been downloaded and saved in: ChEMBL_Data/Kinases/ChEMBL_Data_Q96KB5.tsv
[2023-02-16 09:48:26] [INFO]: Data for protein with UniProt ID 'P17612' has already been downloaded and saved in: ChEMBL_Data/Kinases/ChEMBL_Data_P17612.tsv
[2023-02-16 09:48:26] [INFO]: Data for protein with UniProt ID 'Q9Y3S1' has already been downloaded and saved in: ChEMBL_Data/Kinases/ChEMBL_Data_Q9Y3S1.tsv
[2023-02-16 09:48:26] [INFO]: Data for protein with UniProt ID 'Q96Q15' has already been downloaded and saved in: ChEMBL_Data/Kinases/ChEMBL_Data_Q96Q15.tsv
[2023-02-16 09:48:26] [INFO]: Data for protein with UniProt ID 'P80192' has already been downloaded and saved in: ChEMBL_Data/Kinases/ChEMBL_Data_P80192.tsv
[2023-02-16 09:48:26] [INFO]: Data for protein with UniProt ID 'P36888' has already been downloaded and saved in: ChEMBL_Data/Kinases/ChEMBL_Data_P36888.tsv
[2023-02-16 09:48:26] [INFO]: Data for protein with UniProt ID 'Q8N5S9' has already been downloaded and saved in: ChEMBL_Data/Kinases/ChEMBL_Data_Q8N5S9.tsv
[2023-02-16 09:48:26] [INFO]: Data for protein with UniProt ID 'Q9UIG0' has already been downloaded and saved in: ChEMBL_Data/Kinases/ChEMBL_Data_Q9UIG0.tsv
[2023-02-16 09:48:26] [INFO]: Data for protein with UniProt ID 'P52564' has already been downloaded and saved in: ChEMBL_Data/Kinases/ChEMBL_Data_P52564.tsv
[2023-02-16 09:48:26] [INFO]: Data for protein with UniProt ID 'Q9UQM7' has already been downloaded and saved in: ChEMBL_Data/Kinases/ChEMBL_Data_Q9UQM7.tsv
[2023-02-16 09:48:26] [INFO]: Data for protein with UniProt ID 'Q8NER5' has already been downloaded and saved in: ChEMBL_Data/Kinases/ChEMBL_Data_Q8NER5.tsv
[2023-02-16 09:48:26] [INFO]: Data for protein with UniProt ID 'Q9Y5S2' has already been downloaded and saved in: ChEMBL_Data/Kinases/ChEMBL_Data_Q9Y5S2.tsv
[2023-02-16 09:48:26] [INFO]: Data for protein with UniProt ID 'Q96RG2' has already been downloaded and saved in: ChEMBL_Data/Kinases/ChEMBL_Data_Q96RG2.tsv
[2023-02-16 09:48:26] [INFO]: Data for protein with UniProt ID 'Q8N4C8' has already been downloaded and saved in: ChEMBL_Data/Kinases/ChEMBL_Data_Q8N4C8.tsv
[2023-02-16 09:48:26] [INFO]: Data for protein with UniProt ID 'Q9Y2U5' has already been downloaded and saved in: ChEMBL_Data/Kinases/ChEMBL_Data_Q9Y2U5.tsv
[2023-02-16 09:48:26] [INFO]: Data for protein with UniProt ID 'O60285' has already been downloaded and saved in: ChEMBL_Data/Kinases/ChEMBL_Data_O60285.tsv
[2023-02-16 09:48:26] [INFO]: Data for protein with UniProt ID 'Q02763' has already been downloaded and saved in: ChEMBL_Data/Kinases/ChEMBL_Data_Q02763.tsv
[2023-02-16 09:48:26] [INFO]: Data for protein with UniProt ID 'O43187' has already been downloaded and saved in: ChEMBL_Data/Kinases/ChEMBL_Data_O43187.tsv
[2023-02-16 09:48:26] [INFO]: Data for protein with UniProt ID 'O43293' has already been downloaded and saved in: ChEMBL_Data/Kinases/ChEMBL_Data_O43293.tsv
[2023-02-16 09:48:26] [INFO]: Data for protein with UniProt ID 'Q13164' has already been downloaded and saved in: ChEMBL_Data/Kinases/ChEMBL_Data_Q13164.tsv
[2023-02-16 09:48:26] [INFO]: Data for protein with UniProt ID 'Q15759' has already been downloaded and saved in: ChEMBL_Data/Kinases/ChEMBL_Data_Q15759.tsv
[2023-02-16 09:48:26] [INFO]: Data for protein with UniProt ID 'Q13153' has already been downloaded and saved in: ChEMBL_Data/Kinases/ChEMBL_Data_Q13153.tsv
[2023-02-16 09:48:26] [INFO]: Data for protein with UniProt ID 'Q9UPN9' has already been downloaded and saved in: ChEMBL_Data/Kinases/ChEMBL_Data_Q9UPN9.tsv
[2023-02-16 09:48:26] [INFO]: Data for protein with UniProt ID 'Q13523' has already been downloaded and saved in: ChEMBL_Data/Kinases/ChEMBL_Data_Q13523.tsv
[2023-02-16 09:48:26] [INFO]: Data for protein with UniProt ID 'P53778' has already been downloaded and saved in: ChEMBL_Data/Kinases/ChEMBL_Data_P53778.tsv
[2023-02-16 09:48:26] [INFO]: Data for protein with UniProt ID 'Q9BYP7' has already been downloaded and saved in: ChEMBL_Data/Kinases/ChEMBL_Data_Q9BYP7.tsv
[2023-02-16 09:48:26] [INFO]: Data for protein with UniProt ID 'Q99570' has already been downloaded and saved in: ChEMBL_Data/Kinases/ChEMBL_Data_Q99570.tsv
[2023-02-16 09:48:26] [INFO]: Data for protein with UniProt ID 'Q05655' has already been downloaded and saved in: ChEMBL_Data/Kinases/ChEMBL_Data_Q05655.tsv
[2023-02-16 09:48:26] [INFO]: Data for protein with UniProt ID 'Q86SG6' has already been downloaded and saved in: ChEMBL_Data/Kinases/ChEMBL_Data_Q86SG6.tsv
[2023-02-16 09:48:26] [INFO]: Data for protein with UniProt ID 'O14936' has already been downloaded and saved in: ChEMBL_Data/Kinases/ChEMBL_Data_O14936.tsv
[2023-02-16 09:48:26] [INFO]: Data for protein with UniProt ID 'Q9P0L2' has already been downloaded and saved in: ChEMBL_Data/Kinases/ChEMBL_Data_Q9P0L2.tsv
[2023-02-16 09:48:26] [INFO]: Data for protein with UniProt ID 'O43781' has already been downloaded and saved in: ChEMBL_Data/Kinases/ChEMBL_Data_O43781.tsv
[2023-02-16 09:48:26] [INFO]: Data for protein with UniProt ID 'Q13976' has already been downloaded and saved in: ChEMBL_Data/Kinases/ChEMBL_Data_Q13976.tsv
[2023-02-16 09:48:26] [INFO]: Data for protein with UniProt ID 'O14965' has already been downloaded and saved in: ChEMBL_Data/Kinases/ChEMBL_Data_O14965.tsv
[2023-02-16 09:48:26] [INFO]: Data for protein with UniProt ID 'P0C1S8' has already been downloaded and saved in: ChEMBL_Data/Kinases/ChEMBL_Data_P0C1S8.tsv
[2023-02-16 09:48:26] [INFO]: Data for protein with UniProt ID 'P19784' has already been downloaded and saved in: ChEMBL_Data/Kinases/ChEMBL_Data_P19784.tsv
[2023-02-16 09:48:26] [INFO]: Data for protein with UniProt ID 'P49759' has already been downloaded and saved in: ChEMBL_Data/Kinases/ChEMBL_Data_P49759.tsv
[2023-02-16 09:48:26] [INFO]: Data for protein with UniProt ID 'Q9UPZ9' has already been downloaded and saved in: ChEMBL_Data/Kinases/ChEMBL_Data_Q9UPZ9.tsv
[2023-02-16 09:48:26] [INFO]: Data for protein with UniProt ID 'Q8IV63' has already been downloaded and saved in: ChEMBL_Data/Kinases/ChEMBL_Data_Q8IV63.tsv
[2023-02-16 09:48:26] [INFO]: No 'target information' for the Query of the protein with UniProt ID 'Q8TAS1' => Continue to next protein.
[2023-02-16 09:48:26] [INFO]: Data for protein with UniProt ID 'Q8IU85' has already been downloaded and saved in: ChEMBL_Data/Kinases/ChEMBL_Data_Q8IU85.tsv
[2023-02-16 09:48:26] [INFO]: Data for protein with UniProt ID 'P29323' has already been downloaded and saved in: ChEMBL_Data/Kinases/ChEMBL_Data_P29323.tsv
[2023-02-16 09:48:26] [INFO]: Data for protein with UniProt ID 'P24941' has already been downloaded and saved in: ChEMBL_Data/Kinases/ChEMBL_Data_P24941.tsv
[2023-02-16 09:48:26] [INFO]: Data for protein with UniProt ID 'Q16512' has already been downloaded and saved in: ChEMBL_Data/Kinases/ChEMBL_Data_Q16512.tsv
[2023-02-16 09:48:26] [INFO]: Data for protein with UniProt ID 'P50613' has already been downloaded and saved in: ChEMBL_Data/Kinases/ChEMBL_Data_P50613.tsv
[2023-02-16 09:48:26] [INFO]: Data for protein with UniProt ID 'P06213' has already been downloaded and saved in: ChEMBL_Data/Kinases/ChEMBL_Data_P06213.tsv
[2023-02-16 09:48:26] [INFO]: Data for protein with UniProt ID 'P15056' has already been downloaded and saved in: ChEMBL_Data/Kinases/ChEMBL_Data_P15056.tsv
[2023-02-16 09:48:26] [INFO]: Data for protein with UniProt ID 'Q9BYT3' has already been downloaded and saved in: ChEMBL_Data/Kinases/ChEMBL_Data_Q9BYT3.tsv
[2023-02-16 09:48:26] [INFO]: Data for protein with UniProt ID 'Q99558' has already been downloaded and saved in: ChEMBL_Data/Kinases/ChEMBL_Data_Q99558.tsv
[2023-02-16 09:48:26] [INFO]: Data for protein with UniProt ID 'O43683' has already been downloaded and saved in: ChEMBL_Data/Kinases/ChEMBL_Data_O43683.tsv
[2023-02-16 09:48:26] [INFO]: Data for protein with UniProt ID 'P27037' has already been downloaded and saved in: ChEMBL_Data/Kinases/ChEMBL_Data_P27037.tsv
[2023-02-16 09:48:26] [INFO]: Data for protein with UniProt ID 'Q9H3Y6' has already been downloaded and saved in: ChEMBL_Data/Kinases/ChEMBL_Data_Q9H3Y6.tsv
[2023-02-16 09:48:26] [INFO]: Data for protein with UniProt ID 'P36896' has already been downloaded and saved in: ChEMBL_Data/Kinases/ChEMBL_Data_P36896.tsv
[2023-02-16 09:48:26] [INFO]: Data for protein with UniProt ID 'O94768' has already been downloaded and saved in: ChEMBL_Data/Kinases/ChEMBL_Data_O94768.tsv
[2023-02-16 09:48:26] [INFO]: Data for protein with UniProt ID 'P29376' has already been downloaded and saved in: ChEMBL_Data/Kinases/ChEMBL_Data_P29376.tsv
[2023-02-16 09:48:26] [INFO]: Data for protein with UniProt ID 'P51812' has already been downloaded and saved in: ChEMBL_Data/Kinases/ChEMBL_Data_P51812.tsv
[2023-02-16 09:48:26] [INFO]: Data for protein with UniProt ID 'Q16584' has already been downloaded and saved in: ChEMBL_Data/Kinases/ChEMBL_Data_Q16584.tsv
[2023-02-16 09:48:26] [INFO]: Data for protein with UniProt ID 'P11801' has already been downloaded and saved in: ChEMBL_Data/Kinases/ChEMBL_Data_P11801.tsv
[2023-02-16 09:48:26] [INFO]: Data for protein with UniProt ID 'P25440' has already been downloaded and saved in: ChEMBL_Data/Kinases/ChEMBL_Data_P25440.tsv
[2023-02-16 09:48:26] [INFO]: Data for protein with UniProt ID 'P51817' has already been downloaded and saved in: ChEMBL_Data/Kinases/ChEMBL_Data_P51817.tsv
[2023-02-16 09:48:26] [INFO]: Data for protein with UniProt ID 'P28482' has already been downloaded and saved in: ChEMBL_Data/Kinases/ChEMBL_Data_P28482.tsv
[2023-02-16 09:48:26] [INFO]: Data for protein with UniProt ID 'Q16620' has already been downloaded and saved in: ChEMBL_Data/Kinases/ChEMBL_Data_Q16620.tsv
[2023-02-16 09:48:26] [INFO]: Data for protein with UniProt ID 'Q9NQU5' has already been downloaded and saved in: ChEMBL_Data/Kinases/ChEMBL_Data_Q9NQU5.tsv
[2023-02-16 09:48:26] [INFO]: Data for protein with UniProt ID 'Q9UKE5' has already been downloaded and saved in: ChEMBL_Data/Kinases/ChEMBL_Data_Q9UKE5.tsv
[2023-02-16 09:48:26] [INFO]: Data for protein with UniProt ID 'Q13555' has already been downloaded and saved in: ChEMBL_Data/Kinases/ChEMBL_Data_Q13555.tsv
[2023-02-16 09:48:26] [INFO]: No 'target information' for the Query of the protein with UniProt ID 'Q7Z7A4' => Continue to next protein.
[2023-02-16 09:48:26] [INFO]: Data for protein with UniProt ID 'Q96Q04' has already been downloaded and saved in: ChEMBL_Data/Kinases/ChEMBL_Data_Q96Q04.tsv
[2023-02-16 09:48:26] [INFO]: Data for protein with UniProt ID 'O60674' has already been downloaded and saved in: ChEMBL_Data/Kinases/ChEMBL_Data_O60674.tsv
[2023-02-16 09:48:26] [INFO]: Data for protein with UniProt ID 'Q9HBY8' has already been downloaded and saved in: ChEMBL_Data/Kinases/ChEMBL_Data_Q9HBY8.tsv
[2023-02-16 09:48:26] [INFO]: Data for protein with UniProt ID 'P11309' has already been downloaded and saved in: ChEMBL_Data/Kinases/ChEMBL_Data_P11309.tsv
[2023-02-16 09:48:26] [INFO]: Data for protein with UniProt ID 'P45985' has already been downloaded and saved in: ChEMBL_Data/Kinases/ChEMBL_Data_P45985.tsv
[2023-02-16 09:48:26] [INFO]: Data for protein with UniProt ID 'Q9Y2H9' has already been downloaded and saved in: ChEMBL_Data/Kinases/ChEMBL_Data_Q9Y2H9.tsv
[2023-02-16 09:48:26] [INFO]: Data for protein with UniProt ID 'Q05397' has already been downloaded and saved in: ChEMBL_Data/Kinases/ChEMBL_Data_Q05397.tsv
[2023-02-16 09:48:26] [INFO]: Data for protein with UniProt ID 'O96017' has already been downloaded and saved in: ChEMBL_Data/Kinases/ChEMBL_Data_O96017.tsv
[2023-02-16 09:48:26] [INFO]: Data for protein with UniProt ID 'Q15059' has already been downloaded and saved in: ChEMBL_Data/Kinases/ChEMBL_Data_Q15059.tsv
[2023-02-16 09:48:26] [INFO]: Data for protein with UniProt ID 'Q15349' has already been downloaded and saved in: ChEMBL_Data/Kinases/ChEMBL_Data_Q15349.tsv
[2023-02-16 09:48:26] [INFO]: Data for protein with UniProt ID 'Q96RR4' has already been downloaded and saved in: ChEMBL_Data/Kinases/ChEMBL_Data_Q96RR4.tsv
[2023-02-16 09:48:26] [INFO]: Data for protein with UniProt ID 'Q8N568' has already been downloaded and saved in: ChEMBL_Data/Kinases/ChEMBL_Data_Q8N568.tsv
[2023-02-16 09:48:26] [INFO]: Data for protein with UniProt ID 'Q9Y572' has already been downloaded and saved in: ChEMBL_Data/Kinases/ChEMBL_Data_Q9Y572.tsv
[2023-02-16 09:48:26] [INFO]: No 'target information' for the Query of the protein with UniProt ID 'Q7Z2Y5' => Continue to next protein.
[2023-02-16 09:48:26] [INFO]: Data for protein with UniProt ID 'O76039' has already been downloaded and saved in: ChEMBL_Data/Kinases/ChEMBL_Data_O76039.tsv
[2023-02-16 09:48:26] [INFO]: Data for protein with UniProt ID 'Q05823' has already been downloaded and saved in: ChEMBL_Data/Kinases/ChEMBL_Data_Q05823.tsv
[2023-02-16 09:48:26] [INFO]: Data for protein with UniProt ID 'Q9Y463' has already been downloaded and saved in: ChEMBL_Data/Kinases/ChEMBL_Data_Q9Y463.tsv
[2023-02-16 09:48:26] [INFO]: Data for protein with UniProt ID 'P06239' has already been downloaded and saved in: ChEMBL_Data/Kinases/ChEMBL_Data_P06239.tsv
[2023-02-16 09:48:26] [INFO]: Data for protein with UniProt ID 'Q16654' has already been downloaded and saved in: ChEMBL_Data/Kinases/ChEMBL_Data_Q16654.tsv
[2023-02-16 09:48:26] [INFO]: Data for protein with UniProt ID 'Q8TD19' has already been downloaded and saved in: ChEMBL_Data/Kinases/ChEMBL_Data_Q8TD19.tsv
[2023-02-16 09:48:26] [INFO]: Data for protein with UniProt ID 'P00519' has already been downloaded and saved in: ChEMBL_Data/Kinases/ChEMBL_Data_P00519.tsv
[2023-02-16 09:48:26] [INFO]: No 'target information' for the Query of the protein with UniProt ID 'P51841' => Continue to next protein.
[2023-02-16 09:48:26] [INFO]: No 'target information' for the Query of the protein with UniProt ID 'Q15772' => Continue to next protein.
[2023-02-16 09:48:26] [INFO]: Data for protein with UniProt ID 'O75460' has already been downloaded and saved in: ChEMBL_Data/Kinases/ChEMBL_Data_O75460.tsv
[2023-02-16 09:48:26] [INFO]: Data for protein with UniProt ID 'Q9BVS4' has already been downloaded and saved in: ChEMBL_Data/Kinases/ChEMBL_Data_Q9BVS4.tsv
[2023-02-16 09:48:26] [INFO]: Data for protein with UniProt ID 'P15735' has already been downloaded and saved in: ChEMBL_Data/Kinases/ChEMBL_Data_P15735.tsv
[2023-02-16 09:48:26] [INFO]: No 'target information' for the Query of the protein with UniProt ID 'P34925' => Continue to next protein.
[2023-02-16 09:48:26] [INFO]: Data for protein with UniProt ID 'P27361' has already been downloaded and saved in: ChEMBL_Data/Kinases/ChEMBL_Data_P27361.tsv
[2023-02-16 09:48:26] [INFO]: Data for protein with UniProt ID 'P11362' has already been downloaded and saved in: ChEMBL_Data/Kinases/ChEMBL_Data_P11362.tsv
[2023-02-16 09:48:26] [INFO]: Data for protein with UniProt ID 'Q13043' has already been downloaded and saved in: ChEMBL_Data/Kinases/ChEMBL_Data_Q13043.tsv
[2023-02-16 09:48:26] [INFO]: Data for protein with UniProt ID 'Q07912' has already been downloaded and saved in: ChEMBL_Data/Kinases/ChEMBL_Data_Q07912.tsv
[2023-02-16 09:48:26] [INFO]: Data for protein with UniProt ID 'Q16832' has already been downloaded and saved in: ChEMBL_Data/Kinases/ChEMBL_Data_Q16832.tsv
[2023-02-16 09:48:26] [INFO]: Data for protein with UniProt ID 'P06241' has already been downloaded and saved in: ChEMBL_Data/Kinases/ChEMBL_Data_P06241.tsv
[2023-02-16 09:48:26] [INFO]: Data for protein with UniProt ID 'Q13627' has already been downloaded and saved in: ChEMBL_Data/Kinases/ChEMBL_Data_Q13627.tsv
[2023-02-16 09:48:26] [INFO]: Data for protein with UniProt ID 'Q2M2I8' has already been downloaded and saved in: ChEMBL_Data/Kinases/ChEMBL_Data_Q2M2I8.tsv
[2023-02-16 09:48:26] [INFO]: Data for protein with UniProt ID 'Q7RTN6' has already been downloaded and saved in: ChEMBL_Data/Kinases/ChEMBL_Data_Q7RTN6.tsv
[2023-02-16 09:48:26] [INFO]: Data for protein with UniProt ID 'O00238' has already been downloaded and saved in: ChEMBL_Data/Kinases/ChEMBL_Data_O00238.tsv
[2023-02-16 09:48:26] [INFO]: Data for protein with UniProt ID 'Q16644' has already been downloaded and saved in: ChEMBL_Data/Kinases/ChEMBL_Data_Q16644.tsv
[2023-02-16 09:48:26] [INFO]: Data for protein with UniProt ID 'Q8TDC3' has already been downloaded and saved in: ChEMBL_Data/Kinases/ChEMBL_Data_Q8TDC3.tsv
[2023-02-16 09:48:26] [INFO]: Data for protein with UniProt ID 'Q8WU08' has already been downloaded and saved in: ChEMBL_Data/Kinases/ChEMBL_Data_Q8WU08.tsv
[2023-02-16 09:48:26] [INFO]: Data for protein with UniProt ID 'O15197' has already been downloaded and saved in: ChEMBL_Data/Kinases/ChEMBL_Data_O15197.tsv
[2023-02-16 09:48:26] [INFO]: No 'target information' for the Query of the protein with UniProt ID 'Q6J9G0' => Continue to next protein.
[2023-02-16 09:48:26] [INFO]: Data for protein with UniProt ID 'Q13237' has already been downloaded and saved in: ChEMBL_Data/Kinases/ChEMBL_Data_Q13237.tsv
[2023-02-16 09:48:26] [INFO]: Data for protein with UniProt ID 'O95382' has already been downloaded and saved in: ChEMBL_Data/Kinases/ChEMBL_Data_O95382.tsv
[2023-02-16 09:48:26] [INFO]: Data for protein with UniProt ID 'Q9NYY3' has already been downloaded and saved in: ChEMBL_Data/Kinases/ChEMBL_Data_Q9NYY3.tsv
[2023-02-16 09:48:26] [INFO]: Data for protein with UniProt ID 'P46734' has already been downloaded and saved in: ChEMBL_Data/Kinases/ChEMBL_Data_P46734.tsv
[2023-02-16 09:48:26] [INFO]: Data for protein with UniProt ID 'Q8NEV4' has already been downloaded and saved in: ChEMBL_Data/Kinases/ChEMBL_Data_Q8NEV4.tsv
[2023-02-16 09:48:26] [INFO]: Data for protein with UniProt ID 'P54764' has already been downloaded and saved in: ChEMBL_Data/Kinases/ChEMBL_Data_P54764.tsv
[2023-02-16 09:48:26] [INFO]: Data for protein with UniProt ID 'Q9HBH9' has already been downloaded and saved in: ChEMBL_Data/Kinases/ChEMBL_Data_Q9HBH9.tsv
[2023-02-16 09:48:26] [INFO]: Data for protein with UniProt ID 'Q8IW41' has already been downloaded and saved in: ChEMBL_Data/Kinases/ChEMBL_Data_Q8IW41.tsv
[2023-02-16 09:48:26] [INFO]: Data for protein with UniProt ID 'Q00532' has already been downloaded and saved in: ChEMBL_Data/Kinases/ChEMBL_Data_Q00532.tsv
[2023-02-16 09:48:26] [INFO]: Data for protein with UniProt ID 'Q9UIK4' has already been downloaded and saved in: ChEMBL_Data/Kinases/ChEMBL_Data_Q9UIK4.tsv
[2023-02-16 09:48:26] [INFO]: Data for protein with UniProt ID 'Q86UE8' has already been downloaded and saved in: ChEMBL_Data/Kinases/ChEMBL_Data_Q86UE8.tsv
[2023-02-16 09:48:26] [INFO]: Data for protein with UniProt ID 'Q14004' has already been downloaded and saved in: ChEMBL_Data/Kinases/ChEMBL_Data_Q14004.tsv
[2023-02-16 09:48:26] [INFO]: Data for protein with UniProt ID 'Q9UEW8' has already been downloaded and saved in: ChEMBL_Data/Kinases/ChEMBL_Data_Q9UEW8.tsv
[2023-02-16 09:48:26] [INFO]: Data for protein with UniProt ID 'P34947' has already been downloaded and saved in: ChEMBL_Data/Kinases/ChEMBL_Data_P34947.tsv
[2023-02-16 09:48:26] [INFO]: Data for protein with UniProt ID 'Q9H4A3' has already been downloaded and saved in: ChEMBL_Data/Kinases/ChEMBL_Data_Q9H4A3.tsv
[2023-02-16 09:48:26] [INFO]: No 'target information' for the Query of the protein with UniProt ID 'Q96QP1' => Continue to next protein.
[2023-02-16 09:48:26] [INFO]: No 'target information' for the Query of the protein with UniProt ID 'Q12979' => Continue to next protein.
[2023-02-16 09:48:26] [INFO]: Data for protein with UniProt ID 'P29320' has already been downloaded and saved in: ChEMBL_Data/Kinases/ChEMBL_Data_P29320.tsv
[2023-02-16 09:48:26] [INFO]: Data for protein with UniProt ID 'Q5TCX8' has already been downloaded and saved in: ChEMBL_Data/Kinases/ChEMBL_Data_Q5TCX8.tsv
[2023-02-16 09:48:26] [INFO]: Data for protein with UniProt ID 'Q00534' has already been downloaded and saved in: ChEMBL_Data/Kinases/ChEMBL_Data_Q00534.tsv
[2023-02-16 09:48:26] [INFO]: No 'target information' for the Query of the protein with UniProt ID 'Q86TB3' => Continue to next protein.
[2023-02-16 09:48:26] [INFO]: Data for protein with UniProt ID 'O00418' has already been downloaded and saved in: ChEMBL_Data/Kinases/ChEMBL_Data_O00418.tsv
[2023-02-16 09:48:26] [INFO]: Data for protein with UniProt ID 'Q14012' has already been downloaded and saved in: ChEMBL_Data/Kinases/ChEMBL_Data_Q14012.tsv
[2023-02-16 09:48:26] [INFO]: Data for protein with UniProt ID 'P49336' has already been downloaded and saved in: ChEMBL_Data/Kinases/ChEMBL_Data_P49336.tsv
[2023-02-16 09:48:26] [INFO]: Data for protein with UniProt ID 'Q14164' has already been downloaded and saved in: ChEMBL_Data/Kinases/ChEMBL_Data_Q14164.tsv
[2023-02-16 09:48:26] [INFO]: Data for protein with UniProt ID 'P52333' has already been downloaded and saved in: ChEMBL_Data/Kinases/ChEMBL_Data_P52333.tsv
[2023-02-16 09:48:26] [INFO]: Data for protein with UniProt ID 'P37173' has already been downloaded and saved in: ChEMBL_Data/Kinases/ChEMBL_Data_P37173.tsv
[2023-02-16 09:48:26] [INFO]: Data for protein with UniProt ID 'Q9BQI3' has already been downloaded and saved in: ChEMBL_Data/Kinases/ChEMBL_Data_Q9BQI3.tsv
[2023-02-16 09:48:26] [INFO]: Data for protein with UniProt ID 'Q13873' has already been downloaded and saved in: ChEMBL_Data/Kinases/ChEMBL_Data_Q13873.tsv
[2023-02-16 09:48:26] [INFO]: Data for protein with UniProt ID 'Q96S38' has already been downloaded and saved in: ChEMBL_Data/Kinases/ChEMBL_Data_Q96S38.tsv
[2023-02-16 09:48:26] [INFO]: Data for protein with UniProt ID 'P29322' has already been downloaded and saved in: ChEMBL_Data/Kinases/ChEMBL_Data_P29322.tsv
[2023-02-16 09:48:26] [INFO]: Data for protein with UniProt ID 'Q8NG66' has already been downloaded and saved in: ChEMBL_Data/Kinases/ChEMBL_Data_Q8NG66.tsv
[2023-02-16 09:48:26] [INFO]: Data for protein with UniProt ID 'Q15208' has already been downloaded and saved in: ChEMBL_Data/Kinases/ChEMBL_Data_Q15208.tsv
[2023-02-16 09:48:26] [INFO]: Data for protein with UniProt ID 'O75116' has already been downloaded and saved in: ChEMBL_Data/Kinases/ChEMBL_Data_O75116.tsv
[2023-02-16 09:48:26] [INFO]: No 'target information' for the Query of the protein with UniProt ID 'Q96KG9' => Continue to next protein.
[2023-02-16 09:48:26] [INFO]: No 'target information' for the Query of the protein with UniProt ID 'Q504Y2' => Continue to next protein.
[2023-02-16 09:48:26] [INFO]: Data for protein with UniProt ID 'Q00537' has already been downloaded and saved in: ChEMBL_Data/Kinases/ChEMBL_Data_Q00537.tsv
[2023-02-16 09:48:26] [INFO]: Data for protein with UniProt ID 'O60566' has already been downloaded and saved in: ChEMBL_Data/Kinases/ChEMBL_Data_O60566.tsv
[2023-02-16 09:48:26] [INFO]: Data for protein with UniProt ID 'Q6ZN16' has already been downloaded and saved in: ChEMBL_Data/Kinases/ChEMBL_Data_Q6ZN16.tsv
[2023-02-16 09:48:26] [INFO]: Data for protein with UniProt ID 'P07333' has already been downloaded and saved in: ChEMBL_Data/Kinases/ChEMBL_Data_P07333.tsv
[2023-02-16 09:48:26] [INFO]: No 'target information' for the Query of the protein with UniProt ID 'Q8N165' => Continue to next protein.
[2023-02-16 09:48:26] [INFO]: Data for protein with UniProt ID 'Q15375' has already been downloaded and saved in: ChEMBL_Data/Kinases/ChEMBL_Data_Q15375.tsv
[2023-02-16 09:48:26] [INFO]: Data for protein with UniProt ID 'O14730' has already been downloaded and saved in: ChEMBL_Data/Kinases/ChEMBL_Data_O14730.tsv
[2023-02-16 09:48:26] [INFO]: Data for protein with UniProt ID 'P49760' has already been downloaded and saved in: ChEMBL_Data/Kinases/ChEMBL_Data_P49760.tsv
[2023-02-16 09:48:26] [INFO]: Data for protein with UniProt ID 'Q00526' has already been downloaded and saved in: ChEMBL_Data/Kinases/ChEMBL_Data_Q00526.tsv
[2023-02-16 09:48:26] [INFO]: No 'target information' for the Query of the protein with UniProt ID 'P53004' => Continue to next protein.
[2023-02-16 09:48:26] [INFO]: Data for protein with UniProt ID 'Q13554' has already been downloaded and saved in: ChEMBL_Data/Kinases/ChEMBL_Data_Q13554.tsv
[2023-02-16 09:48:26] [INFO]: Data for protein with UniProt ID 'P21127' has already been downloaded and saved in: ChEMBL_Data/Kinases/ChEMBL_Data_P21127.tsv
[2023-02-16 09:48:26] [INFO]: Data for protein with UniProt ID 'Q9HAZ1' has already been downloaded and saved in: ChEMBL_Data/Kinases/ChEMBL_Data_Q9HAZ1.tsv
[2023-02-16 09:48:26] [INFO]: Data for protein with UniProt ID 'P17948' has already been downloaded and saved in: ChEMBL_Data/Kinases/ChEMBL_Data_P17948.tsv
[2023-02-16 09:48:26] [INFO]: Data for protein with UniProt ID 'Q8IWQ3' has already been downloaded and saved in: ChEMBL_Data/Kinases/ChEMBL_Data_Q8IWQ3.tsv
[2023-02-16 09:48:26] [INFO]: No 'target information' for the Query of the protein with UniProt ID 'O60229' => Continue to next protein.
[2023-02-16 09:48:26] [INFO]: Data for protein with UniProt ID 'P51956' has already been downloaded and saved in: ChEMBL_Data/Kinases/ChEMBL_Data_P51956.tsv
[2023-02-16 09:48:26] [INFO]: Data for protein with UniProt ID 'O60885' has already been downloaded and saved in: ChEMBL_Data/Kinases/ChEMBL_Data_O60885.tsv
[2023-02-16 09:48:26] [INFO]: Data for protein with UniProt ID 'O75676' has already been downloaded and saved in: ChEMBL_Data/Kinases/ChEMBL_Data_O75676.tsv
[2023-02-16 09:48:26] [INFO]: After removing duplicate rows and filtering by 'organism' (='homo sapiens') and 'target_type' (='single protein') for UniProt ID='Q5JZY3' Query, no entries remain => Continue to next protein.
[2023-02-16 09:48:26] [INFO]: Data for protein with UniProt ID 'Q07002' has already been downloaded and saved in: ChEMBL_Data/Kinases/ChEMBL_Data_Q07002.tsv
[2023-02-16 09:48:26] [INFO]: Data for protein with UniProt ID 'P42679' has already been downloaded and saved in: ChEMBL_Data/Kinases/ChEMBL_Data_P42679.tsv
[2023-02-16 09:48:26] [INFO]: Data for protein with UniProt ID 'Q15418' has already been downloaded and saved in: ChEMBL_Data/Kinases/ChEMBL_Data_Q15418.tsv
[2023-02-16 09:48:26] [INFO]: Data for protein with UniProt ID 'P22455' has already been downloaded and saved in: ChEMBL_Data/Kinases/ChEMBL_Data_P22455.tsv
[2023-02-16 09:48:26] [INFO]: Data for protein with UniProt ID 'Q9C0K7' has already been downloaded and saved in: ChEMBL_Data/Kinases/ChEMBL_Data_Q9C0K7.tsv
[2023-02-16 09:48:26] [INFO]: Data for protein with UniProt ID 'O14976' has already been downloaded and saved in: ChEMBL_Data/Kinases/ChEMBL_Data_O14976.tsv
[2023-02-16 09:48:26] [INFO]: Data for protein with UniProt ID 'Q15835' has already been downloaded and saved in: ChEMBL_Data/Kinases/ChEMBL_Data_Q15835.tsv
[2023-02-16 09:48:26] [INFO]: Data for protein with UniProt ID 'Q96QT4' has already been downloaded and saved in: ChEMBL_Data/Kinases/ChEMBL_Data_Q96QT4.tsv
[2023-02-16 09:48:26] [INFO]: Data for protein with UniProt ID 'P51617' has already been downloaded and saved in: ChEMBL_Data/Kinases/ChEMBL_Data_P51617.tsv
[2023-02-16 09:48:26] [INFO]: Data for protein with UniProt ID 'Q14680' has already been downloaded and saved in: ChEMBL_Data/Kinases/ChEMBL_Data_Q14680.tsv
[2023-02-16 09:48:26] [INFO]: Data for protein with UniProt ID 'Q15131' has already been downloaded and saved in: ChEMBL_Data/Kinases/ChEMBL_Data_Q15131.tsv
[2023-02-16 09:48:26] [INFO]: No 'target information' for the Query of the protein with UniProt ID 'Q8IZE3' => Continue to next protein.
[2023-02-16 09:48:26] [INFO]: Data for protein with UniProt ID 'Q9NRL2' has already been downloaded and saved in: ChEMBL_Data/Kinases/ChEMBL_Data_Q9NRL2.tsv
[2023-02-16 09:48:26] [INFO]: Data for protein with UniProt ID 'Q96S53' has already been downloaded and saved in: ChEMBL_Data/Kinases/ChEMBL_Data_Q96S53.tsv
[2023-02-16 09:48:26] [INFO]: Data for protein with UniProt ID 'Q8NFD2' has already been downloaded and saved in: ChEMBL_Data/Kinases/ChEMBL_Data_Q8NFD2.tsv
[2023-02-16 09:48:26] [INFO]: Data for protein with UniProt ID 'Q96RU8' has already been downloaded and saved in: ChEMBL_Data/Kinases/ChEMBL_Data_Q96RU8.tsv
[2023-02-16 09:48:26] [INFO]: Data for protein with UniProt ID 'Q9Y2H1' has already been downloaded and saved in: ChEMBL_Data/Kinases/ChEMBL_Data_Q9Y2H1.tsv
[2023-02-16 09:48:26] [INFO]: Data for protein with UniProt ID 'Q13546' has already been downloaded and saved in: ChEMBL_Data/Kinases/ChEMBL_Data_Q13546.tsv
[2023-02-16 09:48:26] [INFO]: Data for protein with UniProt ID 'O95835' has already been downloaded and saved in: ChEMBL_Data/Kinases/ChEMBL_Data_O95835.tsv
[2023-02-16 09:48:26] [INFO]: Data for protein with UniProt ID 'P36894' has already been downloaded and saved in: ChEMBL_Data/Kinases/ChEMBL_Data_P36894.tsv
[2023-02-16 09:48:26] [INFO]: Data for protein with UniProt ID 'O43283' has already been downloaded and saved in: ChEMBL_Data/Kinases/ChEMBL_Data_O43283.tsv
[2023-02-16 09:48:26] [INFO]: Data for protein with UniProt ID 'Q00536' has already been downloaded and saved in: ChEMBL_Data/Kinases/ChEMBL_Data_Q00536.tsv
[2023-02-16 09:48:26] [INFO]: Data for protein with UniProt ID 'Q96D53' has already been downloaded and saved in: ChEMBL_Data/Kinases/ChEMBL_Data_Q96D53.tsv
[2023-02-16 09:48:26] [INFO]: Data for protein with UniProt ID 'P53671' has already been downloaded and saved in: ChEMBL_Data/Kinases/ChEMBL_Data_P53671.tsv
[2023-02-16 09:48:26] [INFO]: Data for protein with UniProt ID 'Q6P0Q8' has already been downloaded and saved in: ChEMBL_Data/Kinases/ChEMBL_Data_Q6P0Q8.tsv
[2023-02-16 09:48:26] [INFO]: Data for protein with UniProt ID 'O00141' has already been downloaded and saved in: ChEMBL_Data/Kinases/ChEMBL_Data_O00141.tsv
[2023-02-16 09:48:26] [INFO]: No 'target information' for the Query of the protein with UniProt ID 'Q96RU7' => Continue to next protein.
[2023-02-16 09:48:26] [INFO]: Data for protein with UniProt ID 'Q5TCY1' has already been downloaded and saved in: ChEMBL_Data/Kinases/ChEMBL_Data_Q5TCY1.tsv
[2023-02-16 09:48:26] [INFO]: Data for protein with UniProt ID 'Q8WTQ7' has already been downloaded and saved in: ChEMBL_Data/Kinases/ChEMBL_Data_Q8WTQ7.tsv
[2023-02-16 09:48:26] [INFO]: Data for protein with UniProt ID 'O00444' has already been downloaded and saved in: ChEMBL_Data/Kinases/ChEMBL_Data_O00444.tsv
[2023-02-16 09:48:26] [INFO]: Data for protein with UniProt ID 'P30291' has already been downloaded and saved in: ChEMBL_Data/Kinases/ChEMBL_Data_P30291.tsv
[2023-02-16 09:48:26] [INFO]: Data for protein with UniProt ID 'Q13233' has already been downloaded and saved in: ChEMBL_Data/Kinases/ChEMBL_Data_Q13233.tsv
[2023-02-16 09:48:26] [INFO]: Data for protein with UniProt ID 'Q92519' has already been downloaded and saved in: ChEMBL_Data/Kinases/ChEMBL_Data_Q92519.tsv
[2023-02-16 09:48:26] [INFO]: Data for protein with UniProt ID 'P51451' has already been downloaded and saved in: ChEMBL_Data/Kinases/ChEMBL_Data_P51451.tsv
[2023-02-16 09:48:26] [INFO]: Data for protein with UniProt ID 'P24723' has already been downloaded and saved in: ChEMBL_Data/Kinases/ChEMBL_Data_P24723.tsv
[2023-02-16 09:48:26] [INFO]: Data for protein with UniProt ID 'Q9H2G2' has already been downloaded and saved in: ChEMBL_Data/Kinases/ChEMBL_Data_Q9H2G2.tsv
[2023-02-16 09:48:26] [INFO]: Data for protein with UniProt ID 'Q9UF33' has already been downloaded and saved in: ChEMBL_Data/Kinases/ChEMBL_Data_Q9UF33.tsv
[2023-02-16 09:48:26] [INFO]: Data for protein with UniProt ID 'Q13535' has already been downloaded and saved in: ChEMBL_Data/Kinases/ChEMBL_Data_Q13535.tsv
[2023-02-16 09:48:26] [INFO]: Data for protein with UniProt ID 'P31152' has already been downloaded and saved in: ChEMBL_Data/Kinases/ChEMBL_Data_P31152.tsv
[2023-02-16 09:48:26] [INFO]: Data for protein with UniProt ID 'Q76MJ5' has already been downloaded and saved in: ChEMBL_Data/Kinases/ChEMBL_Data_Q76MJ5.tsv
[2023-02-16 09:48:26] [INFO]: Data for protein with UniProt ID 'Q9HCP0' has already been downloaded and saved in: ChEMBL_Data/Kinases/ChEMBL_Data_Q9HCP0.tsv
[2023-02-16 09:48:26] [INFO]: No 'target information' for the Query of the protein with UniProt ID 'Q96C45' => Continue to next protein.
[2023-02-16 09:48:26] [INFO]: Data for protein with UniProt ID 'Q00535' has already been downloaded and saved in: ChEMBL_Data/Kinases/ChEMBL_Data_Q00535.tsv
[2023-02-16 09:48:26] [INFO]: No 'target information' for the Query of the protein with UniProt ID 'Q9Y4A5' => Continue to next protein.
[2023-02-16 09:48:26] [INFO]: Data for protein with UniProt ID 'Q9P1W9' has already been downloaded and saved in: ChEMBL_Data/Kinases/ChEMBL_Data_Q9P1W9.tsv
[2023-02-16 09:48:26] [INFO]: Data for protein with UniProt ID 'P49674' has already been downloaded and saved in: ChEMBL_Data/Kinases/ChEMBL_Data_P49674.tsv
[2023-02-16 09:48:26] [INFO]: Data for protein with UniProt ID 'P41279' has already been downloaded and saved in: ChEMBL_Data/Kinases/ChEMBL_Data_P41279.tsv
[2023-02-16 09:48:26] [INFO]: Data for protein with UniProt ID 'Q8IVT5' has already been downloaded and saved in: ChEMBL_Data/Kinases/ChEMBL_Data_Q8IVT5.tsv
[2023-02-16 09:48:26] [INFO]: Data for protein with UniProt ID 'P08581' has already been downloaded and saved in: ChEMBL_Data/Kinases/ChEMBL_Data_P08581.tsv
[2023-02-16 09:48:26] [INFO]: No 'target information' for the Query of the protein with UniProt ID 'Q8IWB6' => Continue to next protein.
[2023-02-16 09:48:26] [INFO]: Data for protein with UniProt ID 'Q8TD08' has already been downloaded and saved in: ChEMBL_Data/Kinases/ChEMBL_Data_Q8TD08.tsv
[2023-02-16 09:48:26] [INFO]: Data for protein with UniProt ID 'Q6SA08' has already been downloaded and saved in: ChEMBL_Data/Kinases/ChEMBL_Data_Q6SA08.tsv
[2023-02-16 09:48:26] [INFO]: Data for protein with UniProt ID 'Q8TDX7' has already been downloaded and saved in: ChEMBL_Data/Kinases/ChEMBL_Data_Q8TDX7.tsv
[2023-02-16 09:48:26] [INFO]: Data for protein with UniProt ID 'Q9Y2K2' has already been downloaded and saved in: ChEMBL_Data/Kinases/ChEMBL_Data_Q9Y2K2.tsv
[2023-02-16 09:48:26] [INFO]: Data for protein with UniProt ID 'Q13418' has already been downloaded and saved in: ChEMBL_Data/Kinases/ChEMBL_Data_Q13418.tsv
[2023-02-16 09:48:26] [INFO]: Data for protein with UniProt ID 'O75582' has already been downloaded and saved in: ChEMBL_Data/Kinases/ChEMBL_Data_O75582.tsv
[2023-02-16 09:48:26] [INFO]: Data for protein with UniProt ID 'Q59H18' has already been downloaded and saved in: ChEMBL_Data/Kinases/ChEMBL_Data_Q59H18.tsv
[2023-02-16 09:48:26] [INFO]: Data for protein with UniProt ID 'P23458' has already been downloaded and saved in: ChEMBL_Data/Kinases/ChEMBL_Data_P23458.tsv
[2023-02-16 09:48:26] [INFO]: Data for protein with UniProt ID 'Q15120' has already been downloaded and saved in: ChEMBL_Data/Kinases/ChEMBL_Data_Q15120.tsv
[2023-02-16 09:48:26] [INFO]: Data for protein with UniProt ID 'P07948' has already been downloaded and saved in: ChEMBL_Data/Kinases/ChEMBL_Data_P07948.tsv
[2023-02-16 09:48:26] [INFO]: Data for protein with UniProt ID 'P50750' has already been downloaded and saved in: ChEMBL_Data/Kinases/ChEMBL_Data_P50750.tsv
[2023-02-16 09:48:26] [INFO]: Data for protein with UniProt ID 'Q99986' has already been downloaded and saved in: ChEMBL_Data/Kinases/ChEMBL_Data_Q99986.tsv
[2023-02-16 09:48:26] [INFO]: Data for protein with UniProt ID 'Q16566' has already been downloaded and saved in: ChEMBL_Data/Kinases/ChEMBL_Data_Q16566.tsv
[2023-02-16 09:48:26] [INFO]: Data for protein with UniProt ID 'P49841' has already been downloaded and saved in: ChEMBL_Data/Kinases/ChEMBL_Data_P49841.tsv
[2023-02-16 09:48:26] [INFO]: Data for protein with UniProt ID 'P05771' has already been downloaded and saved in: ChEMBL_Data/Kinases/ChEMBL_Data_P05771.tsv
[2023-02-16 09:48:26] [INFO]: Data for protein with UniProt ID 'P00540' has already been downloaded and saved in: ChEMBL_Data/Kinases/ChEMBL_Data_P00540.tsv
[2023-02-16 09:48:26] [INFO]: Data for protein with UniProt ID 'Q92772' has already been downloaded and saved in: ChEMBL_Data/Kinases/ChEMBL_Data_Q92772.tsv
[2023-02-16 09:48:26] [INFO]: Data for protein with UniProt ID 'Q5VT25' has already been downloaded and saved in: ChEMBL_Data/Kinases/ChEMBL_Data_Q5VT25.tsv
[2023-02-16 09:48:26] [INFO]: Data for protein with UniProt ID 'Q9H792' has already been downloaded and saved in: ChEMBL_Data/Kinases/ChEMBL_Data_Q9H792.tsv
[2023-02-16 09:48:26] [INFO]: Data for protein with UniProt ID 'Q09013' has already been downloaded and saved in: ChEMBL_Data/Kinases/ChEMBL_Data_Q09013.tsv
[2023-02-16 09:48:26] [INFO]: Data for protein with UniProt ID 'P45984' has already been downloaded and saved in: ChEMBL_Data/Kinases/ChEMBL_Data_P45984.tsv
[2023-02-16 09:48:26] [INFO]: Data for protein with UniProt ID 'Q13263' has already been downloaded and saved in: ChEMBL_Data/Kinases/ChEMBL_Data_Q13263.tsv
[2023-02-16 09:48:26] [INFO]: Data for protein with UniProt ID 'O14757' has already been downloaded and saved in: ChEMBL_Data/Kinases/ChEMBL_Data_O14757.tsv
[2023-02-16 09:48:26] [INFO]: Data for protein with UniProt ID 'P54753' has already been downloaded and saved in: ChEMBL_Data/Kinases/ChEMBL_Data_P54753.tsv
[2023-02-16 09:48:26] [INFO]: Data for protein with UniProt ID 'P42345' has already been downloaded and saved in: ChEMBL_Data/Kinases/ChEMBL_Data_P42345.tsv
[2023-02-16 09:48:26] [INFO]: Data for protein with UniProt ID 'P54646' has already been downloaded and saved in: ChEMBL_Data/Kinases/ChEMBL_Data_P54646.tsv
[2023-02-16 09:48:26] [INFO]: Data for protein with UniProt ID 'O95819' has already been downloaded and saved in: ChEMBL_Data/Kinases/ChEMBL_Data_O95819.tsv
[2023-02-16 09:48:26] [INFO]: Data for protein with UniProt ID 'Q9H4B4' has already been downloaded and saved in: ChEMBL_Data/Kinases/ChEMBL_Data_Q9H4B4.tsv
[2023-02-16 09:48:26] [INFO]: Data for protein with UniProt ID 'O14733' has already been downloaded and saved in: ChEMBL_Data/Kinases/ChEMBL_Data_O14733.tsv
[2023-02-16 09:48:26] [INFO]: Data for protein with UniProt ID 'Q9H0K1' has already been downloaded and saved in: ChEMBL_Data/Kinases/ChEMBL_Data_Q9H0K1.tsv
[2023-02-16 09:48:26] [INFO]: Data for protein with UniProt ID 'P21860' has already been downloaded and saved in: ChEMBL_Data/Kinases/ChEMBL_Data_P21860.tsv
[2023-02-16 09:48:26] [INFO]: Data for protein with UniProt ID 'Q08881' has already been downloaded and saved in: ChEMBL_Data/Kinases/ChEMBL_Data_Q08881.tsv
[2023-02-16 09:48:26] [INFO]: Data for protein with UniProt ID 'P07332' has already been downloaded and saved in: ChEMBL_Data/Kinases/ChEMBL_Data_P07332.tsv
[2023-02-16 09:48:26] [INFO]: Data for protein with UniProt ID 'Q15746' has already been downloaded and saved in: ChEMBL_Data/Kinases/ChEMBL_Data_Q15746.tsv
[2023-02-16 09:48:26] [INFO]: Data for protein with UniProt ID 'Q9BZL6' has already been downloaded and saved in: ChEMBL_Data/Kinases/ChEMBL_Data_Q9BZL6.tsv
[2023-02-16 09:48:26] [INFO]: Data for protein with UniProt ID 'Q9H093' has already been downloaded and saved in: ChEMBL_Data/Kinases/ChEMBL_Data_Q9H093.tsv
[2023-02-16 09:48:26] [INFO]: Data for protein with UniProt ID 'P42684' has already been downloaded and saved in: ChEMBL_Data/Kinases/ChEMBL_Data_P42684.tsv
[2023-02-16 09:48:26] [INFO]: Data for protein with UniProt ID 'Q7L7X3' has already been downloaded and saved in: ChEMBL_Data/Kinases/ChEMBL_Data_Q7L7X3.tsv
[2023-02-16 09:48:26] [INFO]: Data for protein with UniProt ID 'Q15139' has already been downloaded and saved in: ChEMBL_Data/Kinases/ChEMBL_Data_Q15139.tsv
[2023-02-16 09:48:26] [INFO]: Data for protein with UniProt ID 'O75962' has already been downloaded and saved in: ChEMBL_Data/Kinases/ChEMBL_Data_O75962.tsv
[2023-02-16 09:48:26] [INFO]: Data for protein with UniProt ID 'P37023' has already been downloaded and saved in: ChEMBL_Data/Kinases/ChEMBL_Data_P37023.tsv
[2023-02-16 09:48:26] [INFO]: Data for protein with UniProt ID 'Q9Y6E0' has already been downloaded and saved in: ChEMBL_Data/Kinases/ChEMBL_Data_Q9Y6E0.tsv
[2023-02-16 09:48:26] [INFO]: Data for protein with UniProt ID 'P17252' has already been downloaded and saved in: ChEMBL_Data/Kinases/ChEMBL_Data_P17252.tsv
[2023-02-16 09:48:26] [INFO]: Data for protein with UniProt ID 'Q86TW2' has already been downloaded and saved in: ChEMBL_Data/Kinases/ChEMBL_Data_Q86TW2.tsv
[2023-02-16 09:48:26] [INFO]: Data for protein with UniProt ID 'P49137' has already been downloaded and saved in: ChEMBL_Data/Kinases/ChEMBL_Data_P49137.tsv
[2023-02-16 09:48:26] [INFO]: Data for protein with UniProt ID 'P32298' has already been downloaded and saved in: ChEMBL_Data/Kinases/ChEMBL_Data_P32298.tsv
[2023-02-16 09:48:26] [INFO]: Data for protein with UniProt ID 'Q13177' has already been downloaded and saved in: ChEMBL_Data/Kinases/ChEMBL_Data_Q13177.tsv
[2023-02-16 09:48:26] [INFO]: Data for protein with UniProt ID 'O43353' has already been downloaded and saved in: ChEMBL_Data/Kinases/ChEMBL_Data_O43353.tsv
[2023-02-16 09:48:26] [INFO]: Data for protein with UniProt ID 'Q9BWU1' has already been downloaded and saved in: ChEMBL_Data/Kinases/ChEMBL_Data_Q9BWU1.tsv
[2023-02-16 09:48:26] [INFO]: Data for protein with UniProt ID 'Q9H2X6' has already been downloaded and saved in: ChEMBL_Data/Kinases/ChEMBL_Data_Q9H2X6.tsv
[2023-02-16 09:48:26] [INFO]: Data for protein with UniProt ID 'P49842' has already been downloaded and saved in: ChEMBL_Data/Kinases/ChEMBL_Data_P49842.tsv
[2023-02-16 09:48:26] [INFO]: Data for protein with UniProt ID 'Q15303' has already been downloaded and saved in: ChEMBL_Data/Kinases/ChEMBL_Data_Q15303.tsv
[2023-02-16 09:48:26] [INFO]: Data for protein with UniProt ID 'Q8IVH8' has already been downloaded and saved in: ChEMBL_Data/Kinases/ChEMBL_Data_Q8IVH8.tsv
[2023-02-16 09:48:26] [INFO]: Data for protein with UniProt ID 'O00506' has already been downloaded and saved in: ChEMBL_Data/Kinases/ChEMBL_Data_O00506.tsv
[2023-02-16 09:48:26] [INFO]: Data for protein with UniProt ID 'P30530' has already been downloaded and saved in: ChEMBL_Data/Kinases/ChEMBL_Data_P30530.tsv
[2023-02-16 09:48:26] [INFO]: Data for protein with UniProt ID 'P53779' has already been downloaded and saved in: ChEMBL_Data/Kinases/ChEMBL_Data_P53779.tsv
[2023-02-16 09:48:26] [INFO]: Data for protein with UniProt ID 'P21709' has already been downloaded and saved in: ChEMBL_Data/Kinases/ChEMBL_Data_P21709.tsv
[2023-02-16 09:48:26] [INFO]: Data for protein with UniProt ID 'P78368' has already been downloaded and saved in: ChEMBL_Data/Kinases/ChEMBL_Data_P78368.tsv
[2023-02-16 09:48:26] [INFO]: Data for protein with UniProt ID 'Q9NR20' has already been downloaded and saved in: ChEMBL_Data/Kinases/ChEMBL_Data_Q9NR20.tsv
[2023-02-16 09:48:26] [INFO]: Data for protein with UniProt ID 'P22607' has already been downloaded and saved in: ChEMBL_Data/Kinases/ChEMBL_Data_P22607.tsv
[2023-02-16 09:48:26] [INFO]: Data for protein with UniProt ID 'P51955' has already been downloaded and saved in: ChEMBL_Data/Kinases/ChEMBL_Data_P51955.tsv
[2023-02-16 09:48:26] [INFO]: Data for protein with UniProt ID 'P54762' has already been downloaded and saved in: ChEMBL_Data/Kinases/ChEMBL_Data_P54762.tsv
[2023-02-16 09:48:26] [INFO]: Data for protein with UniProt ID 'P10721' has already been downloaded and saved in: ChEMBL_Data/Kinases/ChEMBL_Data_P10721.tsv
[2023-02-16 09:48:26] [INFO]: Data for protein with UniProt ID 'P08631' has already been downloaded and saved in: ChEMBL_Data/Kinases/ChEMBL_Data_P08631.tsv
[2023-02-16 09:48:26] [INFO]: Data for protein with UniProt ID 'P57059' has already been downloaded and saved in: ChEMBL_Data/Kinases/ChEMBL_Data_P57059.tsv
[2023-02-16 09:48:26] [INFO]: Data for protein with UniProt ID 'Q13882' has already been downloaded and saved in: ChEMBL_Data/Kinases/ChEMBL_Data_Q13882.tsv
[2023-02-16 09:48:26] [INFO]: No 'target information' for the Query of the protein with UniProt ID 'Q16671' => Continue to next protein.
[2023-02-16 09:48:26] [INFO]: Data for protein with UniProt ID 'P27448' has already been downloaded and saved in: ChEMBL_Data/Kinases/ChEMBL_Data_P27448.tsv
[2023-02-16 09:48:26] [INFO]: No 'target information' for the Query of the protein with UniProt ID 'Q96L96' => Continue to next protein.
[2023-02-16 09:48:26] [INFO]: Data for protein with UniProt ID 'P21802' has already been downloaded and saved in: ChEMBL_Data/Kinases/ChEMBL_Data_P21802.tsv
[2023-02-16 09:48:26] [INFO]: Data for protein with UniProt ID 'P35968' has already been downloaded and saved in: ChEMBL_Data/Kinases/ChEMBL_Data_P35968.tsv
[2023-02-16 09:48:26] [INFO]: Data for protein with UniProt ID 'Q96Q40' has already been downloaded and saved in: ChEMBL_Data/Kinases/ChEMBL_Data_Q96Q40.tsv
[2023-02-16 09:48:26] [INFO]: No 'target information' for the Query of the protein with UniProt ID 'Q13308' => Continue to next protein.
[2023-02-16 09:48:26] [INFO]: No 'target information' for the Query of the protein with UniProt ID 'Q8WZ42' => Continue to next protein.
[2023-02-16 09:48:26] [INFO]: Data for protein with UniProt ID 'O15164' has already been downloaded and saved in: ChEMBL_Data/Kinases/ChEMBL_Data_O15164.tsv
[2023-02-16 09:48:26] [INFO]: Data for protein with UniProt ID 'O60307' has already been downloaded and saved in: ChEMBL_Data/Kinases/ChEMBL_Data_O60307.tsv
[2023-02-16 09:48:26] [INFO]: Data for protein with UniProt ID 'O75385' has already been downloaded and saved in: ChEMBL_Data/Kinases/ChEMBL_Data_O75385.tsv
[2023-02-16 09:48:26] [INFO]: Data for protein with UniProt ID 'Q99759' has already been downloaded and saved in: ChEMBL_Data/Kinases/ChEMBL_Data_Q99759.tsv
[2023-02-16 09:48:26] [INFO]: Data for protein with UniProt ID 'Q9P286' has already been downloaded and saved in: ChEMBL_Data/Kinases/ChEMBL_Data_Q9P286.tsv
[2023-02-16 09:48:26] [INFO]: Data for protein with UniProt ID 'P29597' has already been downloaded and saved in: ChEMBL_Data/Kinases/ChEMBL_Data_P29597.tsv
[2023-02-16 09:48:26] [INFO]: Data for protein with UniProt ID 'P14616' has already been downloaded and saved in: ChEMBL_Data/Kinases/ChEMBL_Data_P14616.tsv
[2023-02-16 09:48:26] [INFO]: Data for protein with UniProt ID 'Q58F21' has already been downloaded and saved in: ChEMBL_Data/Kinases/ChEMBL_Data_Q58F21.tsv
[2023-02-16 09:48:26] [INFO]: Data for protein with UniProt ID 'Q12866' has already been downloaded and saved in: ChEMBL_Data/Kinases/ChEMBL_Data_Q12866.tsv
[2023-02-16 09:48:26] [INFO]: Data for protein with UniProt ID 'Q96PN8' has already been downloaded and saved in: ChEMBL_Data/Kinases/ChEMBL_Data_Q96PN8.tsv
[2023-02-16 09:48:26] [INFO]: Data for protein with UniProt ID 'P57078' has already been downloaded and saved in: ChEMBL_Data/Kinases/ChEMBL_Data_P57078.tsv
[2023-02-16 09:48:26] [INFO]: Data for protein with UniProt ID 'Q15569' has already been downloaded and saved in: ChEMBL_Data/Kinases/ChEMBL_Data_Q15569.tsv
[2023-02-16 09:48:26] [INFO]: Data for protein with UniProt ID 'Q06187' has already been downloaded and saved in: ChEMBL_Data/Kinases/ChEMBL_Data_Q06187.tsv
[2023-02-16 09:48:26] [INFO]: Data for protein with UniProt ID 'Q86UX6' has already been downloaded and saved in: ChEMBL_Data/Kinases/ChEMBL_Data_Q86UX6.tsv
[2023-02-16 09:48:26] [INFO]: Data for protein with UniProt ID 'Q8WXR4' has already been downloaded and saved in: ChEMBL_Data/Kinases/ChEMBL_Data_Q8WXR4.tsv
